<?xml version="1.0" encoding="UTF-8"?>
<testng-results ignored="0" total="1" passed="1" failed="0" skipped="0">
  <reporter-output>
  </reporter-output>
  <suite started-at="2025-12-11T18:43:52 IST" name="Suite" finished-at="2025-12-11T18:43:59 IST" duration-ms="6972">
    <groups>
    </groups>
    <test started-at="2025-12-11T18:43:52 IST" name="LoginTest" finished-at="2025-12-11T18:43:58 IST" duration-ms="6913">
      <class name="LoginTest.Logintest">
        <test-method is-config="true" signature="setUp(java.lang.String)[pri:0, instance:LoginTest.Logintest@441772e]" started-at="2025-12-11T18:43:52 IST" name="setUp" finished-at="2025-12-11T18:43:57 IST" duration-ms="5438" status="PASS">
          <params>
            <param index="0">
              <value>
                <![CDATA[chrome]]>
              </value>
            </param>
          </params>
          <reporter-output>
          </reporter-output>
        </test-method> <!-- setUp -->
        <test-method signature="login()[pri:0, instance:LoginTest.Logintest@441772e]" started-at="2025-12-11T18:43:57 IST" name="login" finished-at="2025-12-11T18:43:58 IST" duration-ms="1181" status="PASS">
          <reporter-output>
          </reporter-output>
        </test-method> <!-- login -->
        <test-method is-config="true" signature="tearDown()[pri:0, instance:LoginTest.Logintest@441772e]" started-at="2025-12-11T18:43:58 IST" name="tearDown" finished-at="2025-12-11T18:43:58 IST" duration-ms="251" status="PASS">
          <reporter-output>
          </reporter-output>
        </test-method> <!-- tearDown -->
      </class> <!-- LoginTest.Logintest -->
    </test> <!-- LoginTest -->
    <test started-at="2025-12-11T18:43:59 IST" name="Test" finished-at="2025-12-11T18:43:59 IST" duration-ms="1">
    </test> <!-- Test -->
  </suite> <!-- Suite -->
</testng-results>
